<?xml version="1.0" encoding="UTF-8"?>
<!-- Generated by org.testng.reporters.JUnitReportReporter -->
<testsuite skipped="0" hostname="350138591650T" name="test.TaylorSwiftTest" tests="2" failures="0" timestamp="11 Sep 2018 13:24:57 GMT" time="17.412" errors="0">
  <testcase name="wikipediaLoad" time="4.732" classname="test.TaylorSwiftTest"/>
  <testcase name="wikipediaSearch" time="12.680" classname="test.TaylorSwiftTest"/>
</testsuite> <!-- test.TaylorSwiftTest -->
